<?xml version="1.0" encoding="UTF-8"?>
<!-- Generated by org.testng.reporters.JUnitReportReporter -->
<testsuite hostname="Shekhar" failures="0" tests="1" name="Test.MagicBriks" time="40.041" errors="0" timestamp="2022-11-01T18:13:41 IST" skipped="0">
  <testcase classname="Test.MagicBriks" name="magic" time="40.041"/>
  <system-out/>
</testsuite> <!-- Test.MagicBriks -->
