<?xml version="1.0" encoding="UTF-8"?>
<!-- Generated by org.testng.reporters.JUnitReportReporter -->
<testsuite hostname="Shekhar" failures="0" tests="1" name="Test.goibibo" time="60.419" errors="0" timestamp="2022-11-01T18:13:41 IST" skipped="0">
  <testcase classname="Test.goibibo" name="book" time="60.419"/>
  <system-out/>
</testsuite> <!-- Test.goibibo -->
