<?xml version="1.0" encoding="UTF-8"?>
<!-- Generated by org.testng.reporters.JUnitReportReporter -->
<testsuite hostname="Shekhar" failures="0" tests="1" name="Test.RedBusTest" time="36.692" errors="0" timestamp="2022-11-01T18:13:41 IST" skipped="0">
  <testcase classname="Test.RedBusTest" name="bus" time="36.692"/>
  <system-out/>
</testsuite> <!-- Test.RedBusTest -->
